#
# There is insufficient memory for the Java Runtime Environment to continue.
# Native memory allocation (malloc) failed to allocate 1055696 bytes for Chunk::new
# Possible reasons:
#   The system is out of physical RAM or swap space
#   The process is running with CompressedOops enabled, and the Java Heap may be blocking the growth of the native heap
# Possible solutions:
#   Reduce memory load on the system
#   Increase physical memory or swap space
#   Check if swap backing store is full
#   Decrease Java heap size (-Xmx/-Xms)
#   Decrease number of Java threads
#   Decrease Java thread stack sizes (-Xss)
#   Set larger code cache with -XX:ReservedCodeCacheSize=
#   JVM is running with Unscaled Compressed Oops mode in which the Java heap is
#     placed in the first 4GB address space. The Java Heap base address is the
#     maximum limit for the native heap growth. Please use -XX:HeapBaseMinAddress
#     to set the Java Heap base and to place the Java Heap above 4GB virtual address.
# This output file may be truncated or incomplete.
#
#  Out of Memory Error (allocation.cpp:389), pid=6428, tid=0x0000000000001b28
#
# JRE version: OpenJDK Runtime Environment (8.0_212-b04) (build 1.8.0_212-release-1586-b04)
# Java VM: OpenJDK 64-Bit Server VM (25.212-b04 mixed mode windows-amd64 compressed oops)
# Failed to write core dump. Minidumps are not enabled by default on client versions of Windows
#

---------------  T H R E A D  ---------------

Current thread (0x00000000160aa800):  JavaThread "C2 CompilerThread1" daemon [_thread_in_native, id=6952, stack(0x00000000177f0000,0x00000000178f0000)]

Stack: [0x00000000177f0000,0x00000000178f0000]
[error occurred during error reporting (printing stack bounds), id 0xc0000005]

Native frames: (J=compiled Java code, j=interpreted, Vv=VM code, C=native code)


Current CompileTask:
C2:2980049 15643   !   4       java.nio.file.Files::walkFileTree (355 bytes)


---------------  P R O C E S S  ---------------

Java Threads: ( => current thread )
  0x000000001c6ef800 JavaThread "Cache worker for execution history cache (E:\Petra\HelloWorld2\.gradle\5.6.4\executionHistory)" [_thread_blocked, id=912, stack(0x0000000031230000,0x0000000031330000)]
  0x000000001c6e7800 JavaThread "Execution worker for ':' Thread 3" [_thread_blocked, id=4532, stack(0x0000000031130000,0x0000000031230000)]
  0x000000001c6eb000 JavaThread "Execution worker for ':' Thread 2" [_thread_blocked, id=5284, stack(0x0000000031030000,0x0000000031130000)]
  0x000000001c6e6800 JavaThread "Execution worker for ':'" [_thread_in_native, id=6464, stack(0x0000000030f30000,0x0000000031030000)]
  0x000000001c6ea800 JavaThread "Cache worker for file content cache (E:\Petra\HelloWorld2\.gradle\5.6.4\fileContent)" [_thread_blocked, id=2996, stack(0x0000000030e30000,0x0000000030f30000)]
  0x000000001c6e6000 JavaThread "Cache worker for Build Output Cleanup Cache (E:\Petra\HelloWorld2\.gradle\buildOutputCleanup)" [_thread_blocked, id=5532, stack(0x0000000030d30000,0x0000000030e30000)]
  0x000000001c6e9800 JavaThread "Build operations Thread 4" [_thread_blocked, id=1240, stack(0x0000000030c30000,0x0000000030d30000)]
  0x000000001e95e000 JavaThread "Build operations Thread 3" [_thread_blocked, id=6676, stack(0x0000000030b30000,0x0000000030c30000)]
  0x000000001e95e800 JavaThread "Build operations Thread 2" [_thread_blocked, id=1820, stack(0x0000000030a30000,0x0000000030b30000)]
  0x000000001e95d000 JavaThread "Build operations" [_thread_blocked, id=5720, stack(0x0000000030930000,0x0000000030a30000)]
  0x000000001e957000 JavaThread "Cache worker for cache directory md-rule (C:\Users\Petra\.gradle\caches\5.6.4\md-rule)" [_thread_blocked, id=4584, stack(0x0000000030830000,0x0000000030930000)]
  0x000000001e955800 JavaThread "Cache worker for cache directory md-supplier (C:\Users\Petra\.gradle\caches\5.6.4\md-supplier)" [_thread_blocked, id=4856, stack(0x0000000030730000,0x0000000030830000)]
  0x000000001e95c800 JavaThread "Cache worker for file hash cache (E:\Petra\HelloWorld2\.gradle\5.6.4\fileHashes)" [_thread_blocked, id=4412, stack(0x0000000030630000,0x0000000030730000)]
  0x000000001e960000 JavaThread "Thread-64" [_thread_blocked, id=6652, stack(0x0000000030530000,0x0000000030630000)]
  0x000000001e954000 JavaThread "Asynchronous log dispatcher for DefaultDaemonConnection: socket connection from /127.0.0.1:52910 to /127.0.0.1:58247" [_thread_blocked, id=1708, stack(0x0000000030330000,0x0000000030430000)]
  0x000000001e95b000 JavaThread "Daemon worker Thread 3" [_thread_blocked, id=7484, stack(0x0000000030230000,0x0000000030330000)]
  0x000000001e958800 JavaThread "Cancel handler" [_thread_blocked, id=5368, stack(0x0000000030130000,0x0000000030230000)]
  0x000000001e958000 JavaThread "Handler for socket connection from /127.0.0.1:52910 to /127.0.0.1:58247" [_thread_in_native, id=4388, stack(0x0000000030030000,0x0000000030130000)]
  0x000000001e952800 JavaThread "Daemon Thread 3" [_thread_blocked, id=748, stack(0x000000002ff30000,0x0000000030030000)]
  0x000000001c6ef000 JavaThread "RMI RenewClean-[127.0.0.1:17780,org.jetbrains.kotlin.daemon.common.LoopbackNetworkInterface$ClientLoopbackSocketFactory@739c9be2]" daemon [_thread_blocked, id=2764, stack(0x000000002f030000,0x000000002f130000)]
  0x000000001c6ed800 JavaThread "RMI Reaper" [_thread_blocked, id=4148, stack(0x0000000029f50000,0x000000002a050000)]
  0x000000001c6ec800 JavaThread "RMI TCP Accept-0" daemon [_thread_in_native, id=7148, stack(0x0000000029e50000,0x0000000029f50000)]
  0x000000001c6ec000 JavaThread "GC Daemon" daemon [_thread_blocked, id=1896, stack(0x0000000029d50000,0x0000000029e50000)]
  0x000000001c6ee000 JavaThread "RMI Scheduler(0)" daemon [_thread_blocked, id=6044, stack(0x0000000029b50000,0x0000000029c50000)]
  0x000000001e959800 JavaThread "Cache worker for file content cache (C:\Users\Petra\.gradle\caches\5.6.4\fileContent)" [_thread_blocked, id=5932, stack(0x0000000022af0000,0x0000000022bf0000)]
  0x000000001e955000 JavaThread "Memory manager" [_thread_blocked, id=1716, stack(0x0000000020b60000,0x0000000020c60000)]
  0x0000000018ebf800 JavaThread "Cache worker for execution history cache (C:\Users\Petra\.gradle\caches\5.6.4\executionHistory)" [_thread_blocked, id=8124, stack(0x0000000020120000,0x0000000020220000)]
  0x0000000018ec3800 JavaThread "Cache worker for journal cache (C:\Users\Petra\.gradle\caches\journal-1)" [_thread_blocked, id=6624, stack(0x000000001be00000,0x000000001bf00000)]
  0x0000000018ec2800 JavaThread "File lock request listener" [_thread_in_native, id=3992, stack(0x000000001bd00000,0x000000001be00000)]
  0x0000000019047800 JavaThread "Cache worker for file hash cache (C:\Users\Petra\.gradle\caches\5.6.4\fileHashes)" [_thread_blocked, id=5404, stack(0x000000001bc00000,0x000000001bd00000)]
  0x00000000198f1800 JavaThread "Daemon periodic checks" [_thread_blocked, id=5024, stack(0x000000001b000000,0x000000001b100000)]
  0x00000000198ed800 JavaThread "Incoming local TCP Connector on port 52910" [_thread_in_native, id=5852, stack(0x000000001add0000,0x000000001aed0000)]
  0x0000000019412800 JavaThread "Daemon health stats" [_thread_blocked, id=7632, stack(0x000000001a790000,0x000000001a890000)]
  0x0000000017a18800 JavaThread "Service Thread" daemon [_thread_blocked, id=7656, stack(0x0000000017df0000,0x0000000017ef0000)]
  0x00000000160b2800 JavaThread "C1 CompilerThread2" daemon [_thread_blocked, id=8028, stack(0x00000000178f0000,0x00000000179f0000)]
=>0x00000000160aa800 JavaThread "C2 CompilerThread1" daemon [_thread_in_native, id=6952, stack(0x00000000177f0000,0x00000000178f0000)]
  0x00000000160a6800 JavaThread "C2 CompilerThread0" daemon [_thread_blocked, id=4072, stack(0x00000000176f0000,0x00000000177f0000)]
  0x00000000160a5800 JavaThread "Attach Listener" daemon [_thread_blocked, id=6708, stack(0x00000000175f0000,0x00000000176f0000)]
  0x00000000160a4000 JavaThread "Signal Dispatcher" daemon [_thread_blocked, id=7628, stack(0x00000000174f0000,0x00000000175f0000)]
  0x000000000272b000 JavaThread "Finalizer" daemon [_thread_blocked, id=7008, stack(0x0000000017300000,0x0000000017400000)]
  0x0000000016089000 JavaThread "Reference Handler" daemon [_thread_blocked, id=7348, stack(0x0000000017200000,0x0000000017300000)]
  0x000000000262d800 JavaThread "main" [_thread_blocked, id=5604, stack(0x0000000002500000,0x0000000002600000)]

Other Threads:
  0x0000000016066000 VMThread [stack: 0x0000000017100000,0x0000000017200000] [id=1992]
  0x00000000160fe800 WatcherThread [stack: 0x0000000017ef0000,0x0000000017ff0000] [id=2560]

VM state:not at safepoint (normal execution)

VM Mutex/Monitor currently owned by a thread: None

heap address: 0x00000000a0000000, size: 1536 MB, Compressed Oops mode: 32-bit
Narrow klass base: 0x0000000000000000, Narrow klass shift: 3
Compressed class space size: 1073741824 Address: 0x0000000100000000

Heap:
 PSYoungGen      total 250368K, used 156031K [0x00000000e0000000, 0x00000000f5880000, 0x0000000100000000)
  eden space 183808K, 66% used [0x00000000e0000000,0x00000000e7829140,0x00000000eb380000)
  from space 66560K, 49% used [0x00000000eb380000,0x00000000ed3b6e50,0x00000000ef480000)
  to   space 65536K, 0% used [0x00000000f1880000,0x00000000f1880000,0x00000000f5880000)
 ParOldGen       total 203264K, used 99626K [0x00000000a0000000, 0x00000000ac680000, 0x00000000e0000000)
  object space 203264K, 49% used [0x00000000a0000000,0x00000000a614a980,0x00000000ac680000)
 Metaspace       used 87189K, capacity 90978K, committed 91136K, reserved 1128448K
  class space    used 11642K, capacity 12453K, committed 12544K, reserved 1048576K

Card table byte_map: [0x0000000011af0000,0x0000000011e00000] byte_map_base: 0x00000000115f0000

Marking Bits: (ParMarkBitMap*) 0x00000000621f9f30
 Begin Bits: [0x0000000012400000, 0x0000000013c00000)
 End Bits:   [0x0000000013c00000, 0x0000000015400000)

Polling page: 0x0000000002420000

CodeCache: size=245760Kb used=40490Kb max_used=40561Kb free=205269Kb
 bounds [0x0000000002730000, 0x0000000004f00000, 0x0000000011730000]
 total_blobs=13169 nmethods=12267 adapters=814
 compilation: enabled

Compilation events (10 events):
Event: 2974.736 Thread 0x00000000160b2800 nmethod 15653 0x000000000398b310 code [0x000000000398b480, 0x000000000398b6d0]
Event: 2975.389 Thread 0x00000000160a6800 nmethod 15652 0x00000000041a6b10 code [0x00000000041a6d60, 0x00000000041a7b70]
Event: 2975.520 Thread 0x00000000160a6800 15654       4       org.gradle.cache.internal.LockOnDemandCrossProcessCacheAccess$UnlockAction::run (8 bytes)
Event: 2975.847 Thread 0x00000000160a6800 nmethod 15654 0x0000000003841ad0 code [0x0000000003841ca0, 0x0000000003842200]
Event: 2975.847 Thread 0x00000000160a6800 15655       4       org.gradle.cache.internal.LockOnDemandCrossProcessCacheAccess::acquireFileLock (9 bytes)
Event: 2976.428 Thread 0x00000000160a6800 nmethod 15655 0x0000000004ef86d0 code [0x0000000004ef8900, 0x0000000004ef9160]
Event: 2976.429 Thread 0x00000000160a6800 15656       4       org.gradle.internal.snapshot.impl.DirectorySnapshotter$PathVisitor::preVisitDirectory (10 bytes)
Event: 2976.536 Thread 0x00000000160a6800 nmethod 15656 0x00000000041a2e90 code [0x00000000041a3160, 0x00000000041a4860]
Event: 2976.537 Thread 0x00000000160a6800 15657       4       sun.nio.fs.WindowsPath::parse (26 bytes)
Event: 2976.579 Thread 0x00000000160a6800 nmethod 15657 0x0000000003841750 code [0x00000000038418a0, 0x00000000038419a8]

GC Heap History (10 events):
Event: 128.096 GC heap before
{Heap before GC invocations=23 (full 3):
 PSYoungGen      total 177664K, used 177633K [0x00000000e0000000, 0x00000000eed80000, 0x0000000100000000)
  eden space 148992K, 100% used [0x00000000e0000000,0x00000000e9180000,0x00000000e9180000)
  from space 28672K, 99% used [0x00000000e9180000,0x00000000ead78788,0x00000000ead80000)
  to   space 35840K, 0% used [0x00000000eca80000,0x00000000eca80000,0x00000000eed80000)
 ParOldGen       total 91648K, used 46144K [0x00000000a0000000, 0x00000000a5980000, 0x00000000e0000000)
  object space 91648K, 50% used [0x00000000a0000000,0x00000000a2d10320,0x00000000a5980000)
 Metaspace       used 78505K, capacity 81848K, committed 81920K, reserved 1120256K
  class space    used 10738K, capacity 11458K, committed 11520K, reserved 1048576K
Event: 128.200 GC heap after
Heap after GC invocations=23 (full 3):
 PSYoungGen      total 193536K, used 35832K [0x00000000e0000000, 0x00000000f0680000, 0x0000000100000000)
  eden space 157696K, 0% used [0x00000000e0000000,0x00000000e0000000,0x00000000e9a00000)
  from space 35840K, 99% used [0x00000000eca80000,0x00000000eed7e368,0x00000000eed80000)
  to   space 49664K, 0% used [0x00000000e9a00000,0x00000000e9a00000,0x00000000eca80000)
 ParOldGen       total 91648K, used 67667K [0x00000000a0000000, 0x00000000a5980000, 0x00000000e0000000)
  object space 91648K, 73% used [0x00000000a0000000,0x00000000a4214d88,0x00000000a5980000)
 Metaspace       used 78505K, capacity 81848K, committed 81920K, reserved 1120256K
  class space    used 10738K, capacity 11458K, committed 11520K, reserved 1048576K
}
Event: 131.695 GC heap before
{Heap before GC invocations=24 (full 3):
 PSYoungGen      total 193536K, used 193528K [0x00000000e0000000, 0x00000000f0680000, 0x0000000100000000)
  eden space 157696K, 100% used [0x00000000e0000000,0x00000000e9a00000,0x00000000e9a00000)
  from space 35840K, 99% used [0x00000000eca80000,0x00000000eed7e368,0x00000000eed80000)
  to   space 49664K, 0% used [0x00000000e9a00000,0x00000000e9a00000,0x00000000eca80000)
 ParOldGen       total 91648K, used 67667K [0x00000000a0000000, 0x00000000a5980000, 0x00000000e0000000)
  object space 91648K, 73% used [0x00000000a0000000,0x00000000a4214d88,0x00000000a5980000)
 Metaspace       used 79690K, capacity 83140K, committed 83456K, reserved 1120256K
  class space    used 10913K, capacity 11658K, committed 11776K, reserved 1048576K
Event: 131.804 GC heap after
Heap after GC invocations=24 (full 3):
 PSYoungGen      total 207360K, used 49649K [0x00000000e0000000, 0x00000000f3b00000, 0x0000000100000000)
  eden space 157696K, 0% used [0x00000000e0000000,0x00000000e0000000,0x00000000e9a00000)
  from space 49664K, 99% used [0x00000000e9a00000,0x00000000eca7c7c8,0x00000000eca80000)
  to   space 69632K, 0% used [0x00000000ef700000,0x00000000ef700000,0x00000000f3b00000)
 ParOldGen       total 99840K, used 99454K [0x00000000a0000000, 0x00000000a6180000, 0x00000000e0000000)
  object space 99840K, 99% used [0x00000000a0000000,0x00000000a611fb48,0x00000000a6180000)
 Metaspace       used 79690K, capacity 83140K, committed 83456K, reserved 1120256K
  class space    used 10913K, capacity 11658K, committed 11776K, reserved 1048576K
}
Event: 131.804 GC heap before
{Heap before GC invocations=25 (full 4):
 PSYoungGen      total 207360K, used 49649K [0x00000000e0000000, 0x00000000f3b00000, 0x0000000100000000)
  eden space 157696K, 0% used [0x00000000e0000000,0x00000000e0000000,0x00000000e9a00000)
  from space 49664K, 99% used [0x00000000e9a00000,0x00000000eca7c7c8,0x00000000eca80000)
  to   space 69632K, 0% used [0x00000000ef700000,0x00000000ef700000,0x00000000f3b00000)
 ParOldGen       total 99840K, used 99454K [0x00000000a0000000, 0x00000000a6180000, 0x00000000e0000000)
  object space 99840K, 99% used [0x00000000a0000000,0x00000000a611fb48,0x00000000a6180000)
 Metaspace       used 79690K, capacity 83140K, committed 83456K, reserved 1120256K
  class space    used 10913K, capacity 11658K, committed 11776K, reserved 1048576K
Event: 135.374 GC heap after
Heap after GC invocations=25 (full 4):
 PSYoungGen      total 207360K, used 18956K [0x00000000e0000000, 0x00000000f3b00000, 0x0000000100000000)
  eden space 157696K, 0% used [0x00000000e0000000,0x00000000e0000000,0x00000000e9a00000)
  from space 49664K, 38% used [0x00000000e9a00000,0x00000000eac83280,0x00000000eca80000)
  to   space 69632K, 0% used [0x00000000ef700000,0x00000000ef700000,0x00000000f3b00000)
 ParOldGen       total 203264K, used 99402K [0x00000000a0000000, 0x00000000ac680000, 0x00000000e0000000)
  object space 203264K, 48% used [0x00000000a0000000,0x00000000a6112970,0x00000000ac680000)
 Metaspace       used 79582K, capacity 82858K, committed 83456K, reserved 1120256K
  class space    used 10876K, capacity 11593K, committed 11776K, reserved 1048576K
}
Event: 1683.767 GC heap before
{Heap before GC invocations=26 (full 4):
 PSYoungGen      total 207360K, used 176652K [0x00000000e0000000, 0x00000000f3b00000, 0x0000000100000000)
  eden space 157696K, 100% used [0x00000000e0000000,0x00000000e9a00000,0x00000000e9a00000)
  from space 49664K, 38% used [0x00000000e9a00000,0x00000000eac83280,0x00000000eca80000)
  to   space 69632K, 0% used [0x00000000ef700000,0x00000000ef700000,0x00000000f3b00000)
 ParOldGen       total 203264K, used 99402K [0x00000000a0000000, 0x00000000ac680000, 0x00000000e0000000)
  object space 203264K, 48% used [0x00000000a0000000,0x00000000a6112970,0x00000000ac680000)
 Metaspace       used 86189K, capacity 89774K, committed 89984K, reserved 1126400K
  class space    used 11597K, capacity 12347K, committed 12416K, reserved 1048576K
Event: 1725.975 GC heap after
Heap after GC invocations=26 (full 4):
 PSYoungGen      total 247808K, used 29089K [0x00000000e0000000, 0x00000000f3580000, 0x0000000100000000)
  eden space 183808K, 0% used [0x00000000e0000000,0x00000000e0000000,0x00000000eb380000)
  from space 64000K, 45% used [0x00000000ef700000,0x00000000f1368720,0x00000000f3580000)
  to   space 66560K, 0% used [0x00000000eb380000,0x00000000eb380000,0x00000000ef480000)
 ParOldGen       total 203264K, used 99618K [0x00000000a0000000, 0x00000000ac680000, 0x00000000e0000000)
  object space 203264K, 49% used [0x00000000a0000000,0x00000000a6148980,0x00000000ac680000)
 Metaspace       used 86189K, capacity 89774K, committed 89984K, reserved 1126400K
  class space    used 11597K, capacity 12347K, committed 12416K, reserved 1048576K
}
Event: 1839.968 GC heap before
{Heap before GC invocations=27 (full 4):
 PSYoungGen      total 247808K, used 212897K [0x00000000e0000000, 0x00000000f3580000, 0x0000000100000000)
  eden space 183808K, 100% used [0x00000000e0000000,0x00000000eb380000,0x00000000eb380000)
  from space 64000K, 45% used [0x00000000ef700000,0x00000000f1368720,0x00000000f3580000)
  to   space 66560K, 0% used [0x00000000eb380000,0x00000000eb380000,0x00000000ef480000)
 ParOldGen       total 203264K, used 99618K [0x00000000a0000000, 0x00000000ac680000, 0x00000000e0000000)
  object space 203264K, 49% used [0x00000000a0000000,0x00000000a6148980,0x00000000ac680000)
 Metaspace       used 86526K, capacity 90170K, committed 90240K, reserved 1126400K
  class space    used 11601K, capacity 12383K, committed 12416K, reserved 1048576K
Event: 1847.538 GC heap after
Heap after GC invocations=27 (full 4):
 PSYoungGen      total 250368K, used 32987K [0x00000000e0000000, 0x00000000f5880000, 0x0000000100000000)
  eden space 183808K, 0% used [0x00000000e0000000,0x00000000e0000000,0x00000000eb380000)
  from space 66560K, 49% used [0x00000000eb380000,0x00000000ed3b6e50,0x00000000ef480000)
  to   space 65536K, 0% used [0x00000000f1880000,0x00000000f1880000,0x00000000f5880000)
 ParOldGen       total 203264K, used 99626K [0x00000000a0000000, 0x00000000ac680000, 0x00000000e0000000)
  object space 203264K, 49% used [0x00000000a0000000,0x00000000a614a980,0x00000000ac680000)
 Metaspace       used 86526K, capacity 90170K, committed 90240K, reserved 1126400K
  class space    used 11601K, capacity 12383K, committed 12416K, reserved 1048576K
}

Deoptimization events (10 events):
Event: 2866.467 Thread 0x000000001e95b000 Uncommon trap: reason=array_check action=maybe_recompile pc=0x00000000049f143c method=com.google.common.collect.ImmutableSet.construct(I[Ljava/lang/Object;)Lcom/google/common/collect/ImmutableSet; @ 122
Event: 2866.689 Thread 0x000000001e95b000 Uncommon trap: reason=array_check action=maybe_recompile pc=0x00000000049f143c method=com.google.common.collect.ImmutableSet.construct(I[Ljava/lang/Object;)Lcom/google/common/collect/ImmutableSet; @ 122
Event: 2866.797 Thread 0x000000001e95b000 Uncommon trap: reason=array_check action=maybe_recompile pc=0x00000000049f143c method=com.google.common.collect.ImmutableSet.construct(I[Ljava/lang/Object;)Lcom/google/common/collect/ImmutableSet; @ 122
Event: 2867.377 Thread 0x000000001e95b000 Uncommon trap: reason=class_check action=maybe_recompile pc=0x0000000002c7a9e4 method=org.gradle.internal.work.DefaultWorkerLeaseService$DefaultWorkerLease.acquireLock()Z @ 4
Event: 2892.494 Thread 0x000000001e95b000 Uncommon trap: reason=bimorphic action=maybe_recompile pc=0x00000000040d93a8 method=org.gradle.api.internal.attributes.DefaultAttributesSchema$MergedSchema.matchValue(Lorg/gradle/api/attributes/Attribute;Ljava/lang/Object;Ljava/lang/Object;)Z @ 2
Event: 2900.501 Thread 0x000000001e95e800 Uncommon trap: reason=unstable_if action=reinterpret pc=0x0000000002f3f0cc method=java.util.concurrent.ConcurrentHashMap.addCount(JI)V @ 168
Event: 2900.501 Thread 0x000000001e95d000 Uncommon trap: reason=unstable_if action=reinterpret pc=0x0000000002f41160 method=java.util.concurrent.ConcurrentHashMap.addCount(JI)V @ 168
Event: 2909.075 Thread 0x000000001e95b000 Uncommon trap: reason=predicate action=maybe_recompile pc=0x0000000004dc4234 method=com.google.common.collect.RegularImmutableMap.fromEntryArray(I[Ljava/util/Map$Entry;)Lcom/google/common/collect/ImmutableMap; @ 62
Event: 2925.431 Thread 0x000000001e95b000 Uncommon trap: reason=null_check action=make_not_entrant pc=0x00000000045c008c method=org.gradle.api.internal.collections.CollectionFilter.filter(Ljava/lang/Object;)Ljava/lang/Object; @ 5
Event: 2971.436 Thread 0x0000000018ec3800 Uncommon trap: reason=unstable_if action=reinterpret pc=0x00000000049dcd54 method=java.util.concurrent.locks.AbstractQueuedSynchronizer.findNodeFromTail(Ljava/util/concurrent/locks/AbstractQueuedSynchronizer$Node;)Z @ 7

Classes redefined (0 events):
No events

Internal exceptions (10 events):
Event: 1944.568 Thread 0x0000000018ebf000 Implicit null exception at 0x000000000322ffa5 to 0x00000000032302f9
Event: 1949.453 Thread 0x000000001c6e6000 Implicit null exception at 0x00000000046e35fe to 0x00000000046e36f5
Event: 1949.701 Thread 0x000000001c6e6000 Implicit null exception at 0x0000000002c41817 to 0x0000000002c41b85
Event: 1956.504 Thread 0x000000001c6e6000 Exception <a 'sun/nio/fs/WindowsException'> (0x00000000e24c02c0) thrown at [D:\src\AOSP-openjdk-cygwin\jdk8u\hotspot\src\share\vm\prims\jni.cpp, line 710]
Event: 1965.429 Thread 0x000000001c6e9800 Exception <a 'java/lang/NoSuchMethodError': <clinit>> (0x00000000e2a4b000) thrown at [D:\src\AOSP-openjdk-cygwin\jdk8u\hotspot\src\share\vm\prims\jni.cpp, line 1614]
Event: 1965.432 Thread 0x000000001c6e9800 Exception <a 'java/lang/NoSuchMethodError': <clinit>> (0x00000000e2a56570) thrown at [D:\src\AOSP-openjdk-cygwin\jdk8u\hotspot\src\share\vm\prims\jni.cpp, line 1614]
Event: 1965.461 Thread 0x000000001c6e9800 Exception <a 'java/lang/NoSuchMethodError': <clinit>> (0x00000000e2a5e5e0) thrown at [D:\src\AOSP-openjdk-cygwin\jdk8u\hotspot\src\share\vm\prims\jni.cpp, line 1614]
Event: 1965.743 Thread 0x000000001c6e9800 Exception <a 'java/lang/NoSuchMethodError': <clinit>> (0x00000000e2a78388) thrown at [D:\src\AOSP-openjdk-cygwin\jdk8u\hotspot\src\share\vm\prims\jni.cpp, line 1614]
Event: 1965.761 Thread 0x000000001c6e9800 Exception <a 'java/lang/NoSuchMethodError': <clinit>> (0x00000000e2a88f00) thrown at [D:\src\AOSP-openjdk-cygwin\jdk8u\hotspot\src\share\vm\prims\jni.cpp, line 1614]
Event: 2925.431 Thread 0x000000001e95b000 Implicit null exception at 0x00000000045bff2a to 0x00000000045c0079

Events (10 events):
Event: 2968.845 Thread 0x00000000160a6800 flushing nmethod 0x0000000003bed9d0
Event: 2969.211 Thread 0x00000000160a6800 flushing nmethod 0x0000000004144390
Event: 2969.211 Thread 0x00000000160a6800 flushing nmethod 0x0000000004197a90
Event: 2970.496 Thread 0x00000000160aa800 flushing nmethod 0x00000000048a93d0
Event: 2970.550 Thread 0x00000000160aa800 flushing nmethod 0x00000000048c3150
Event: 2971.431 Thread 0x0000000018ec3800 Uncommon trap: trap_request=0xffffff65 fr.pc=0x00000000049dcd54
Event: 2971.436 Thread 0x0000000018ec3800 DEOPT PACKING pc=0x00000000049dcd54 sp=0x000000001befe8f0
Event: 2971.436 Thread 0x0000000018ec3800 DEOPT UNPACKING pc=0x000000000277557b sp=0x000000001befe7f8 mode 2
Event: 2973.096 loading class java/util/ArrayDeque$1
Event: 2973.582 loading class java/util/ArrayDeque$1 done


Dynamic libraries:
0x00007ff625f40000 - 0x00007ff625f71000 	E:\Program Files\Android\Android Studio\jre\bin\java.exe
0x00007ffa915c0000 - 0x00007ffa91790000 	C:\Windows\SYSTEM32\ntdll.dll
0x00007ffa90ee0000 - 0x00007ffa90f8c000 	C:\Windows\System32\KERNEL32.DLL
0x00007ffa8dbb0000 - 0x00007ffa8ddcd000 	C:\Windows\System32\KERNELBASE.dll
0x00007ffa8ebf0000 - 0x00007ffa8ec92000 	C:\Windows\System32\ADVAPI32.dll
0x00007ffa8f320000 - 0x00007ffa8f3be000 	C:\Windows\System32\msvcrt.dll
0x00007ffa90f90000 - 0x00007ffa90fe9000 	C:\Windows\System32\sechost.dll
0x00007ffa910b0000 - 0x00007ffa911d1000 	C:\Windows\System32\RPCRT4.dll
0x00007ffa8f070000 - 0x00007ffa8f1d5000 	C:\Windows\System32\USER32.dll
0x00007ffa8ddd0000 - 0x00007ffa8ddee000 	C:\Windows\System32\win32u.dll
0x00007ffa91070000 - 0x00007ffa910a4000 	C:\Windows\System32\GDI32.dll
0x00007ffa8e180000 - 0x00007ffa8e301000 	C:\Windows\System32\gdi32full.dll
0x00007ffa7f3f0000 - 0x00007ffa7f66a000 	C:\Windows\WinSxS\amd64_microsoft.windows.common-controls_6595b64144ccf1df_6.0.14393.2273_none_7de240fc83403786\COMCTL32.dll
0x00007ffa8eda0000 - 0x00007ffa8f068000 	C:\Windows\System32\combase.dll
0x00007ffa8dab0000 - 0x00007ffa8dba5000 	C:\Windows\System32\ucrtbase.dll
0x00007ffa8ddf0000 - 0x00007ffa8de5a000 	C:\Windows\System32\bcryptPrimitives.dll
0x00007ffa91240000 - 0x00007ffa9126e000 	C:\Windows\System32\IMM32.DLL
0x0000000061870000 - 0x0000000061942000 	E:\Program Files\Android\Android Studio\jre\jre\bin\msvcr100.dll
0x0000000061a30000 - 0x0000000062276000 	E:\Program Files\Android\Android Studio\jre\jre\bin\server\jvm.dll
0x00007ffa90d00000 - 0x00007ffa90d08000 	C:\Windows\System32\PSAPI.DLL
0x00007ffa8bfb0000 - 0x00007ffa8bfd3000 	C:\Windows\SYSTEM32\WINMM.dll
0x00007ffa75290000 - 0x00007ffa75299000 	C:\Windows\SYSTEM32\WSOCK32.dll
0x00007ffa88300000 - 0x00007ffa8830a000 	C:\Windows\SYSTEM32\VERSION.dll
0x00007ffa90e70000 - 0x00007ffa90eda000 	C:\Windows\System32\WS2_32.dll
0x00000000023d0000 - 0x00000000023fb000 	C:\Windows\SYSTEM32\WINMMBASE.dll
0x00007ffa8ea50000 - 0x00007ffa8ea92000 	C:\Windows\System32\cfgmgr32.dll
0x00007ffa739c0000 - 0x00007ffa739cf000 	E:\Program Files\Android\Android Studio\jre\jre\bin\verify.dll
0x00007ffa5ee00000 - 0x00007ffa5ee29000 	E:\Program Files\Android\Android Studio\jre\jre\bin\java.dll
0x00007ffa5edb0000 - 0x00007ffa5edc6000 	E:\Program Files\Android\Android Studio\jre\jre\bin\zip.dll
0x00007ffa8f7f0000 - 0x00007ffa90cf5000 	C:\Windows\System32\SHELL32.dll
0x00007ffa8e310000 - 0x00007ffa8e9e9000 	C:\Windows\System32\windows.storage.dll
0x00007ffa8da50000 - 0x00007ffa8da9c000 	C:\Windows\System32\powrprof.dll
0x00007ffa8f1e0000 - 0x00007ffa8f232000 	C:\Windows\System32\shlwapi.dll
0x00007ffa8da20000 - 0x00007ffa8da2f000 	C:\Windows\System32\kernel.appcore.dll
0x00007ffa8eaa0000 - 0x00007ffa8eb49000 	C:\Windows\System32\shcore.dll
0x00007ffa8da30000 - 0x00007ffa8da44000 	C:\Windows\System32\profapi.dll
0x00007ffa5ed90000 - 0x00007ffa5edaa000 	E:\Program Files\Android\Android Studio\jre\jre\bin\net.dll
0x00007ffa84300000 - 0x00007ffa844c2000 	C:\Windows\SYSTEM32\urlmon.dll
0x00007ffa84020000 - 0x00007ffa842d0000 	C:\Windows\SYSTEM32\iertutil.dll
0x00007ffa8d2f0000 - 0x00007ffa8d34c000 	C:\Windows\system32\mswsock.dll
0x00007ffa5ed70000 - 0x00007ffa5ed83000 	E:\Program Files\Android\Android Studio\jre\jre\bin\nio.dll
0x00007ffa6dfc0000 - 0x00007ffa6dfe6000 	C:\Users\Petra\.gradle\native\30\windows-amd64\native-platform.dll
0x00007ffa736c0000 - 0x00007ffa736cd000 	E:\Program Files\Android\Android Studio\jre\jre\bin\management.dll
0x00007ffa8d490000 - 0x00007ffa8d4a7000 	C:\Windows\SYSTEM32\CRYPTSP.dll
0x00007ffa8cef0000 - 0x00007ffa8cf23000 	C:\Windows\system32\rsaenh.dll
0x00007ffa8d960000 - 0x00007ffa8d98b000 	C:\Windows\SYSTEM32\bcrypt.dll
0x00007ffa8d170000 - 0x00007ffa8d18f000 	C:\Windows\SYSTEM32\USERENV.dll
0x00007ffa8d950000 - 0x00007ffa8d95b000 	C:\Windows\SYSTEM32\CRYPTBASE.dll
0x00007ffa8d070000 - 0x00007ffa8d0a8000 	C:\Windows\SYSTEM32\IPHLPAPI.DLL
0x00007ffa91410000 - 0x00007ffa91418000 	C:\Windows\System32\NSI.dll
0x00007ffa87ce0000 - 0x00007ffa87cf6000 	C:\Windows\SYSTEM32\dhcpcsvc6.DLL
0x00007ffa89890000 - 0x00007ffa898aa000 	C:\Windows\SYSTEM32\dhcpcsvc.DLL
0x00007ffa8c030000 - 0x00007ffa8c04e000 	C:\Users\Petra\AppData\Local\Temp\native-platform8916945102451540437dir\native-platform.dll

VM Arguments:
jvm_args: -Xmx1536m -Dfile.encoding=windows-1250 -Duser.country=US -Duser.language=en -Duser.variant 
java_command: org.gradle.launcher.daemon.bootstrap.GradleDaemon 5.6.4
java_class_path (initial): C:\Users\Petra\.gradle\wrapper\dists\gradle-5.6.4-all\ankdp27end7byghfw1q2sw75f\gradle-5.6.4\lib\gradle-launcher-5.6.4.jar
Launcher Type: SUN_STANDARD

Environment Variables:
PATH=C:\Python27\;C:\Python27\Scripts;C:\Windows\system32;C:\Windows;C:\Windows\System32\Wbem;C:\Windows\System32\WindowsPowerShell\v1.0\;E:\Program Files\PuTTY\;E:\Brackets\command;E:\Program Files\nodejs\;C:\ProgramData\chocolatey\bin;E:\Program Files\Git\cmd;E:\Program Files\dotnet\;C:\Users\Petra\AppData\Local\Microsoft\WindowsApps;;C:\Users\Petra\AppData\Roaming\npm
USERNAME=Petra
OS=Windows_NT
PROCESSOR_IDENTIFIER=Intel64 Family 6 Model 78 Stepping 3, GenuineIntel



---------------  S Y S T E M  ---------------

OS: Windows 10.0 , 64 bit Build 14393 (10.0.14393.2214)

CPU:total 4 (initial active 4) (2 cores per cpu, 2 threads per core) family 6 model 78 stepping 3, cmov, cx8, fxsr, mmx, sse, sse2, sse3, ssse3, sse4.1, sse4.2, popcnt, avx, avx2, aes, clmul, erms, 3dnowpref, lzcnt, ht, tsc, tscinvbit, bmi1, bmi2, adx

Memory: 4k page, physical 4067556k(317576k free), swap 8253392k(1500k free)

vm_info: OpenJDK 64-Bit Server VM (25.212-b04) for windows-amd64 JRE (1.8.0_212-release-1586-b04), built by "builder" with MS VC++ 10.0 (VS2010)

time: Thu Jun 04 00:42:07 2020
timezone: Central European Standard Time
elapsed time: 2982 seconds (0d 0h 49m 42s)

