#
# There is insufficient memory for the Java Runtime Environment to continue.
# Native memory allocation (malloc) failed to allocate 1188016 bytes for Chunk::new
# Possible reasons:
#   The system is out of physical RAM or swap space
#   The process is running with CompressedOops enabled, and the Java Heap may be blocking the growth of the native heap
# Possible solutions:
#   Reduce memory load on the system
#   Increase physical memory or swap space
#   Check if swap backing store is full
#   Decrease Java heap size (-Xmx/-Xms)
#   Decrease number of Java threads
#   Decrease Java thread stack sizes (-Xss)
#   Set larger code cache with -XX:ReservedCodeCacheSize=
#   JVM is running with Unscaled Compressed Oops mode in which the Java heap is
#     placed in the first 4GB address space. The Java Heap base address is the
#     maximum limit for the native heap growth. Please use -XX:HeapBaseMinAddress
#     to set the Java Heap base and to place the Java Heap above 4GB virtual address.
# This output file may be truncated or incomplete.
#
#  Out of Memory Error (allocation.cpp:389), pid=10088, tid=0x000000000000107c
#
# JRE version: OpenJDK Runtime Environment (8.0_212-b04) (build 1.8.0_212-release-1586-b04)
# Java VM: OpenJDK 64-Bit Server VM (25.212-b04 mixed mode windows-amd64 compressed oops)
# Failed to write core dump. Minidumps are not enabled by default on client versions of Windows
#

---------------  T H R E A D  ---------------

Current thread (0x00000000151ec000):  JavaThread "C2 CompilerThread0" daemon [_thread_in_native, id=4220, stack(0x0000000016820000,0x0000000016920000)]

Stack: [0x0000000016820000,0x0000000016920000]
[error occurred during error reporting (printing stack bounds), id 0xc0000005]

Native frames: (J=compiled Java code, j=interpreted, Vv=VM code, C=native code)


Current CompileTask:
C2:  30196 9460   !   4       org.jetbrains.org.objectweb.asm.tree.analysis.Analyzer::analyze (1577 bytes)


---------------  P R O C E S S  ---------------

Java Threads: ( => current thread )
  0x00000000151ff000 JavaThread "Service Thread" daemon [_thread_blocked, id=8740, stack(0x0000000016f20000,0x0000000017020000)]
  0x00000000151f5800 JavaThread "C1 CompilerThread2" daemon [_thread_blocked, id=5568, stack(0x0000000016a20000,0x0000000016b20000)]
  0x00000000151f2000 JavaThread "C2 CompilerThread1" daemon [_thread_blocked, id=9228, stack(0x0000000016920000,0x0000000016a20000)]
=>0x00000000151ec000 JavaThread "C2 CompilerThread0" daemon [_thread_in_native, id=4220, stack(0x0000000016820000,0x0000000016920000)]
  0x00000000151eb000 JavaThread "Attach Listener" daemon [_thread_blocked, id=6640, stack(0x0000000016720000,0x0000000016820000)]
  0x00000000151e9000 JavaThread "Signal Dispatcher" daemon [_thread_blocked, id=10236, stack(0x0000000016620000,0x0000000016720000)]
  0x0000000002c1e000 JavaThread "Finalizer" daemon [_thread_blocked, id=10232, stack(0x0000000016430000,0x0000000016530000)]
  0x00000000151c9000 JavaThread "Reference Handler" daemon [_thread_blocked, id=10228, stack(0x0000000016330000,0x0000000016430000)]
  0x0000000002b27000 JavaThread "main" [_thread_in_native, id=10204, stack(0x0000000002970000,0x0000000002a70000)]

Other Threads:
  0x00000000151a6000 VMThread [stack: 0x0000000016230000,0x0000000016330000] [id=10224]
  0x00000000151ff800 WatcherThread [stack: 0x0000000017020000,0x0000000017120000] [id=292]

VM state:not at safepoint (normal execution)

VM Mutex/Monitor currently owned by a thread: None

heap address: 0x00000000c1e00000, size: 994 MB, Compressed Oops mode: 32-bit
Narrow klass base: 0x0000000000000000, Narrow klass shift: 3
Compressed class space size: 1073741824 Address: 0x0000000100000000

Heap:
 PSYoungGen      total 130560K, used 83649K [0x00000000eb500000, 0x00000000f5500000, 0x0000000100000000)
  eden space 102912K, 81% used [0x00000000eb500000,0x00000000f06b0510,0x00000000f1980000)
  from space 27648K, 0% used [0x00000000f3600000,0x00000000f3600000,0x00000000f5100000)
  to   space 29184K, 0% used [0x00000000f1980000,0x00000000f1980000,0x00000000f3600000)
 ParOldGen       total 64512K, used 45530K [0x00000000c1e00000, 0x00000000c5d00000, 0x00000000eb500000)
  object space 64512K, 70% used [0x00000000c1e00000,0x00000000c4a769d0,0x00000000c5d00000)
 Metaspace       used 61271K, capacity 62436K, committed 62744K, reserved 1103872K
  class space    used 7368K, capacity 7640K, committed 7728K, reserved 1048576K

Card table byte_map: [0x0000000011fe0000,0x00000000121e0000] byte_map_base: 0x00000000119d1000

Marking Bits: (ParMarkBitMap*) 0x00000000621f9f30
 Begin Bits: [0x0000000012730000, 0x00000000136b8000)
 End Bits:   [0x00000000136b8000, 0x0000000014640000)

Polling page: 0x0000000000cc0000

CodeCache: size=245760Kb used=29083Kb max_used=29095Kb free=216676Kb
 bounds [0x0000000002c20000, 0x00000000048b0000, 0x0000000011c20000]
 total_blobs=8983 nmethods=8462 adapters=432
 compilation: enabled

Compilation events (10 events):
Event: 30.127 Thread 0x00000000151f2000 9536       4       kotlin.sequences.SequencesKt__SequencesKt::flatten$SequencesKt__SequencesKt (35 bytes)
Event: 30.128 Thread 0x00000000151f2000 nmethod 9536 0x00000000048882d0 code [0x0000000004888420, 0x0000000004888578]
Event: 30.128 Thread 0x00000000151f2000 9608       4       org.jetbrains.kotlin.load.kotlin.MethodSignatureMappingKt::forceSingleValueParameterBoxing (278 bytes)
Event: 30.136 Thread 0x00000000151f2000 nmethod 9608 0x000000000489c690 code [0x000000000489c840, 0x000000000489ced8]
Event: 30.136 Thread 0x00000000151f2000 9610       4       org.jetbrains.kotlin.resolve.jvm.diagnostics.RawSignature::hashCode (57 bytes)
Event: 30.142 Thread 0x00000000151f2000 nmethod 9610 0x000000000489bf90 code [0x000000000489c0e0, 0x000000000489c428]
Event: 30.142 Thread 0x00000000151f2000 9611       4       org.jetbrains.kotlin.resolve.jvm.InlineClassManglingRulesKt::isInlineClassThatRequiresMangling (36 bytes)
Event: 30.144 Thread 0x00000000151f2000 nmethod 9611 0x00000000048a2b10 code [0x00000000048a2c60, 0x00000000048a2d78]
Event: 30.144 Thread 0x00000000151f2000 9607       4       org.jetbrains.kotlin.codegen.state.KotlinTypeMapper::writeParameterType (108 bytes)
Event: 30.148 Thread 0x00000000151f2000 nmethod 9607 0x00000000048a2290 code [0x00000000048a2440, 0x00000000048a26e0]

GC Heap History (10 events):
Event: 14.084 GC heap before
{Heap before GC invocations=11 (full 2):
 PSYoungGen      total 86528K, used 72192K [0x00000000eb500000, 0x00000000f2b00000, 0x0000000100000000)
  eden space 72192K, 100% used [0x00000000eb500000,0x00000000efb80000,0x00000000efb80000)
  from space 14336K, 0% used [0x00000000f0980000,0x00000000f0980000,0x00000000f1780000)
  to   space 14336K, 0% used [0x00000000efb80000,0x00000000efb80000,0x00000000f0980000)
 ParOldGen       total 64512K, used 15550K [0x00000000c1e00000, 0x00000000c5d00000, 0x00000000eb500000)
  object space 64512K, 24% used [0x00000000c1e00000,0x00000000c2d2f900,0x00000000c5d00000)
 Metaspace       used 40318K, capacity 40982K, committed 41392K, reserved 1085440K
  class space    used 5032K, capacity 5201K, committed 5296K, reserved 1048576K
Event: 14.109 GC heap after
Heap after GC invocations=11 (full 2):
 PSYoungGen      total 86528K, used 14318K [0x00000000eb500000, 0x00000000f2c00000, 0x0000000100000000)
  eden space 72192K, 0% used [0x00000000eb500000,0x00000000eb500000,0x00000000efb80000)
  from space 14336K, 99% used [0x00000000efb80000,0x00000000f097b958,0x00000000f0980000)
  to   space 16384K, 0% used [0x00000000f1c00000,0x00000000f1c00000,0x00000000f2c00000)
 ParOldGen       total 64512K, used 15905K [0x00000000c1e00000, 0x00000000c5d00000, 0x00000000eb500000)
  object space 64512K, 24% used [0x00000000c1e00000,0x00000000c2d886a0,0x00000000c5d00000)
 Metaspace       used 40318K, capacity 40982K, committed 41392K, reserved 1085440K
  class space    used 5032K, capacity 5201K, committed 5296K, reserved 1048576K
}
Event: 17.395 GC heap before
{Heap before GC invocations=12 (full 2):
 PSYoungGen      total 86528K, used 86510K [0x00000000eb500000, 0x00000000f2c00000, 0x0000000100000000)
  eden space 72192K, 100% used [0x00000000eb500000,0x00000000efb80000,0x00000000efb80000)
  from space 14336K, 99% used [0x00000000efb80000,0x00000000f097b958,0x00000000f0980000)
  to   space 16384K, 0% used [0x00000000f1c00000,0x00000000f1c00000,0x00000000f2c00000)
 ParOldGen       total 64512K, used 15905K [0x00000000c1e00000, 0x00000000c5d00000, 0x00000000eb500000)
  object space 64512K, 24% used [0x00000000c1e00000,0x00000000c2d886a0,0x00000000c5d00000)
 Metaspace       used 44399K, capacity 45128K, committed 45616K, reserved 1089536K
  class space    used 5423K, capacity 5652K, committed 5680K, reserved 1048576K
Event: 17.434 GC heap after
Heap after GC invocations=12 (full 2):
 PSYoungGen      total 100864K, used 16365K [0x00000000eb500000, 0x00000000f3580000, 0x0000000100000000)
  eden space 84480K, 0% used [0x00000000eb500000,0x00000000eb500000,0x00000000f0780000)
  from space 16384K, 99% used [0x00000000f1c00000,0x00000000f2bfb480,0x00000000f2c00000)
  to   space 20992K, 0% used [0x00000000f0780000,0x00000000f0780000,0x00000000f1c00000)
 ParOldGen       total 64512K, used 21655K [0x00000000c1e00000, 0x00000000c5d00000, 0x00000000eb500000)
  object space 64512K, 33% used [0x00000000c1e00000,0x00000000c3325e80,0x00000000c5d00000)
 Metaspace       used 44399K, capacity 45128K, committed 45616K, reserved 1089536K
  class space    used 5423K, capacity 5652K, committed 5680K, reserved 1048576K
}
Event: 23.073 GC heap before
{Heap before GC invocations=13 (full 2):
 PSYoungGen      total 100864K, used 100845K [0x00000000eb500000, 0x00000000f3580000, 0x0000000100000000)
  eden space 84480K, 100% used [0x00000000eb500000,0x00000000f0780000,0x00000000f0780000)
  from space 16384K, 99% used [0x00000000f1c00000,0x00000000f2bfb480,0x00000000f2c00000)
  to   space 20992K, 0% used [0x00000000f0780000,0x00000000f0780000,0x00000000f1c00000)
 ParOldGen       total 64512K, used 21655K [0x00000000c1e00000, 0x00000000c5d00000, 0x00000000eb500000)
  object space 64512K, 33% used [0x00000000c1e00000,0x00000000c3325e80,0x00000000c5d00000)
 Metaspace       used 52661K, capacity 53672K, committed 53936K, reserved 1095680K
  class space    used 6487K, capacity 6756K, committed 6832K, reserved 1048576K
Event: 23.127 GC heap after
Heap after GC invocations=13 (full 2):
 PSYoungGen      total 105472K, used 20975K [0x00000000eb500000, 0x00000000f5100000, 0x0000000100000000)
  eden space 84480K, 0% used [0x00000000eb500000,0x00000000eb500000,0x00000000f0780000)
  from space 20992K, 99% used [0x00000000f0780000,0x00000000f1bfbf18,0x00000000f1c00000)
  to   space 27648K, 0% used [0x00000000f3600000,0x00000000f3600000,0x00000000f5100000)
 ParOldGen       total 64512K, used 31648K [0x00000000c1e00000, 0x00000000c5d00000, 0x00000000eb500000)
  object space 64512K, 49% used [0x00000000c1e00000,0x00000000c3ce81e8,0x00000000c5d00000)
 Metaspace       used 52661K, capacity 53672K, committed 53936K, reserved 1095680K
  class space    used 6487K, capacity 6756K, committed 6832K, reserved 1048576K
}
Event: 26.944 GC heap before
{Heap before GC invocations=14 (full 2):
 PSYoungGen      total 105472K, used 58671K [0x00000000eb500000, 0x00000000f5100000, 0x0000000100000000)
  eden space 84480K, 44% used [0x00000000eb500000,0x00000000ed9d0028,0x00000000f0780000)
  from space 20992K, 99% used [0x00000000f0780000,0x00000000f1bfbf18,0x00000000f1c00000)
  to   space 27648K, 0% used [0x00000000f3600000,0x00000000f3600000,0x00000000f5100000)
 ParOldGen       total 64512K, used 31648K [0x00000000c1e00000, 0x00000000c5d00000, 0x00000000eb500000)
  object space 64512K, 49% used [0x00000000c1e00000,0x00000000c3ce81e8,0x00000000c5d00000)
 Metaspace       used 57797K, capacity 58840K, committed 59160K, reserved 1101824K
  class space    used 7105K, capacity 7376K, committed 7472K, reserved 1048576K
Event: 26.996 GC heap after
Heap after GC invocations=14 (full 2):
 PSYoungGen      total 130560K, used 20581K [0x00000000eb500000, 0x00000000f5500000, 0x0000000100000000)
  eden space 102912K, 0% used [0x00000000eb500000,0x00000000eb500000,0x00000000f1980000)
  from space 27648K, 74% used [0x00000000f3600000,0x00000000f4a194b0,0x00000000f5100000)
  to   space 29184K, 0% used [0x00000000f1980000,0x00000000f1980000,0x00000000f3600000)
 ParOldGen       total 64512K, used 38492K [0x00000000c1e00000, 0x00000000c5d00000, 0x00000000eb500000)
  object space 64512K, 59% used [0x00000000c1e00000,0x00000000c4397008,0x00000000c5d00000)
 Metaspace       used 57797K, capacity 58840K, committed 59160K, reserved 1101824K
  class space    used 7105K, capacity 7376K, committed 7472K, reserved 1048576K
}
Event: 26.996 GC heap before
{Heap before GC invocations=15 (full 3):
 PSYoungGen      total 130560K, used 20581K [0x00000000eb500000, 0x00000000f5500000, 0x0000000100000000)
  eden space 102912K, 0% used [0x00000000eb500000,0x00000000eb500000,0x00000000f1980000)
  from space 27648K, 74% used [0x00000000f3600000,0x00000000f4a194b0,0x00000000f5100000)
  to   space 29184K, 0% used [0x00000000f1980000,0x00000000f1980000,0x00000000f3600000)
 ParOldGen       total 64512K, used 38492K [0x00000000c1e00000, 0x00000000c5d00000, 0x00000000eb500000)
  object space 64512K, 59% used [0x00000000c1e00000,0x00000000c4397008,0x00000000c5d00000)
 Metaspace       used 57797K, capacity 58840K, committed 59160K, reserved 1101824K
  class space    used 7105K, capacity 7376K, committed 7472K, reserved 1048576K
Event: 27.473 GC heap after
Heap after GC invocations=15 (full 3):
 PSYoungGen      total 130560K, used 0K [0x00000000eb500000, 0x00000000f5500000, 0x0000000100000000)
  eden space 102912K, 0% used [0x00000000eb500000,0x00000000eb500000,0x00000000f1980000)
  from space 27648K, 0% used [0x00000000f3600000,0x00000000f3600000,0x00000000f5100000)
  to   space 29184K, 0% used [0x00000000f1980000,0x00000000f1980000,0x00000000f3600000)
 ParOldGen       total 64512K, used 45530K [0x00000000c1e00000, 0x00000000c5d00000, 0x00000000eb500000)
  object space 64512K, 70% used [0x00000000c1e00000,0x00000000c4a769d0,0x00000000c5d00000)
 Metaspace       used 57797K, capacity 58840K, committed 59160K, reserved 1101824K
  class space    used 7105K, capacity 7376K, committed 7472K, reserved 1048576K
}

Deoptimization events (10 events):
Event: 28.583 Thread 0x0000000002b27000 Uncommon trap: reason=bimorphic action=maybe_recompile pc=0x0000000004578e34 method=org.jetbrains.kotlin.types.model.TypeSystemContext$DefaultImpls.typeConstructor(Lorg/jetbrains/kotlin/types/model/TypeSystemContext;Lorg/jetbrains/kotlin/types/model/Kotli
Event: 28.901 Thread 0x0000000002b27000 Uncommon trap: reason=bimorphic action=maybe_recompile pc=0x000000000467f058 method=org.jetbrains.org.objectweb.asm.tree.analysis.Frame.execute(Lorg/jetbrains/org/objectweb/asm/tree/AbstractInsnNode;Lorg/jetbrains/org/objectweb/asm/tree/analysis/Interpret
Event: 28.901 Thread 0x0000000002b27000 Uncommon trap: reason=bimorphic action=maybe_recompile pc=0x000000000467f058 method=org.jetbrains.org.objectweb.asm.tree.analysis.Frame.execute(Lorg/jetbrains/org/objectweb/asm/tree/AbstractInsnNode;Lorg/jetbrains/org/objectweb/asm/tree/analysis/Interpret
Event: 29.487 Thread 0x0000000002b27000 Uncommon trap: reason=class_check action=maybe_recompile pc=0x0000000004759f20 method=org.jetbrains.kotlin.load.kotlin.TypeSignatureMappingKt.mapBuiltInType(Lorg/jetbrains/kotlin/types/TypeSystemCommonBackendContext;Lorg/jetbrains/kotlin/types/model/Kotli
Event: 29.487 Thread 0x0000000002b27000 Uncommon trap: reason=class_check action=maybe_recompile pc=0x0000000004759f20 method=org.jetbrains.kotlin.load.kotlin.TypeSignatureMappingKt.mapBuiltInType(Lorg/jetbrains/kotlin/types/TypeSystemCommonBackendContext;Lorg/jetbrains/kotlin/types/model/Kotli
Event: 29.487 Thread 0x0000000002b27000 Uncommon trap: reason=class_check action=maybe_recompile pc=0x0000000004759f20 method=org.jetbrains.kotlin.load.kotlin.TypeSignatureMappingKt.mapBuiltInType(Lorg/jetbrains/kotlin/types/TypeSystemCommonBackendContext;Lorg/jetbrains/kotlin/types/model/Kotli
Event: 29.488 Thread 0x0000000002b27000 Uncommon trap: reason=class_check action=maybe_recompile pc=0x0000000004759f20 method=org.jetbrains.kotlin.load.kotlin.TypeSignatureMappingKt.mapBuiltInType(Lorg/jetbrains/kotlin/types/TypeSystemCommonBackendContext;Lorg/jetbrains/kotlin/types/model/Kotli
Event: 29.527 Thread 0x0000000002b27000 Uncommon trap: reason=class_check action=maybe_recompile pc=0x00000000044518ec method=kotlin.collections.CollectionsKt___CollectionsKt.toSet(Ljava/lang/Iterable;)Ljava/util/Set; @ 58
Event: 29.530 Thread 0x0000000002b27000 Uncommon trap: reason=class_check action=maybe_recompile pc=0x00000000044518ec method=kotlin.collections.CollectionsKt___CollectionsKt.toSet(Ljava/lang/Iterable;)Ljava/util/Set; @ 58
Event: 30.085 Thread 0x0000000002b27000 Uncommon trap: reason=bimorphic action=maybe_recompile pc=0x00000000032a5a24 method=org.jetbrains.kotlin.protobuf.CodedOutputStream.refreshBuffer()V @ 28

Classes redefined (0 events):
No events

Internal exceptions (10 events):
Event: 23.059 Thread 0x0000000002b27000 Exception <a 'java/lang/NoSuchMethodError': java.lang.Object.lambda$static$0(I)[Lorg/jetbrains/kotlin/com/intellij/psi/PsiImportStatementBase;> (0x00000000f072fa80) thrown at [D:\src\AOSP-openjdk-cygwin\jdk8u\hotspot\src\share\vm\interpreter\linkResolver.
Event: 24.311 Thread 0x0000000002b27000 Implicit null exception at 0x0000000002e67f15 to 0x0000000002e68101
Event: 24.312 Thread 0x0000000002b27000 Implicit null exception at 0x0000000002eea22f to 0x0000000002eea299
Event: 24.325 Thread 0x0000000002b27000 Implicit null exception at 0x00000000031fd04c to 0x00000000031fd0a6
Event: 26.329 Thread 0x0000000002b27000 Implicit null exception at 0x00000000034b0494 to 0x00000000034b066c
Event: 27.529 Thread 0x0000000002b27000 Implicit null exception at 0x00000000030ff356 to 0x00000000030ff6a1
Event: 27.577 Thread 0x0000000002b27000 Exception <a 'java/lang/NoSuchMethodError': java.lang.Object.lambda$static$0(Lorg/jetbrains/kotlin/descriptors/ValueParameterDescriptor;Lorg/jetbrains/kotlin/codegen/ExpressionCodegen;)Lorg/jetbrains/kotlin/codegen/StackValue;> (0x00000000eb7fb2c0) thrown
Event: 27.691 Thread 0x0000000002b27000 Implicit null exception at 0x00000000037cd095 to 0x00000000037cd2a1
Event: 27.982 Thread 0x0000000002b27000 Exception <a 'java/lang/NoSuchMethodError': java.lang.Object.lambda$static$0(Ljava/lang/String;)Z> (0x00000000ebfb7600) thrown at [D:\src\AOSP-openjdk-cygwin\jdk8u\hotspot\src\share\vm\interpreter\linkResolver.cpp, line 620]
Event: 27.982 Thread 0x0000000002b27000 Exception <a 'java/lang/NoSuchMethodError': java.lang.Object.lambda$static$1(Ljava/lang/String;)Z> (0x00000000ebfba098) thrown at [D:\src\AOSP-openjdk-cygwin\jdk8u\hotspot\src\share\vm\interpreter\linkResolver.cpp, line 620]

Events (10 events):
Event: 30.088 loading class org/jetbrains/kotlin/com/intellij/openapi/util/ObjectNode
Event: 30.088 loading class org/jetbrains/kotlin/com/intellij/openapi/util/ObjectNode done
Event: 30.088 loading class org/jetbrains/kotlin/com/intellij/openapi/util/ObjectNode
Event: 30.088 loading class org/jetbrains/kotlin/com/intellij/openapi/util/ObjectNode done
Event: 30.088 loading class org/jetbrains/kotlin/com/intellij/openapi/Disposable$Parent
Event: 30.088 loading class org/jetbrains/kotlin/com/intellij/openapi/Disposable$Parent done
Event: 30.089 loading class org/jetbrains/kotlin/com/intellij/util/containers/WeakHashMap$WeakKey
Event: 30.089 loading class org/jetbrains/kotlin/com/intellij/util/containers/WeakHashMap$WeakKey done
Event: 30.090 loading class java/util/concurrent/ConcurrentHashMap$ValueIterator
Event: 30.107 loading class java/util/concurrent/ConcurrentHashMap$BaseIterator


Dynamic libraries:
0x00007ff76a940000 - 0x00007ff76a971000 	E:\Program Files\Android\Android Studio\jre\jre\bin\java.exe
0x00007ffa915c0000 - 0x00007ffa91790000 	C:\Windows\SYSTEM32\ntdll.dll
0x00007ffa90ee0000 - 0x00007ffa90f8c000 	C:\Windows\System32\KERNEL32.DLL
0x00007ffa8dbb0000 - 0x00007ffa8ddcd000 	C:\Windows\System32\KERNELBASE.dll
0x00007ffa8ebf0000 - 0x00007ffa8ec92000 	C:\Windows\System32\ADVAPI32.dll
0x00007ffa8f320000 - 0x00007ffa8f3be000 	C:\Windows\System32\msvcrt.dll
0x00007ffa90f90000 - 0x00007ffa90fe9000 	C:\Windows\System32\sechost.dll
0x00007ffa910b0000 - 0x00007ffa911d1000 	C:\Windows\System32\RPCRT4.dll
0x00007ffa8f070000 - 0x00007ffa8f1d5000 	C:\Windows\System32\USER32.dll
0x00007ffa8ddd0000 - 0x00007ffa8ddee000 	C:\Windows\System32\win32u.dll
0x00007ffa91070000 - 0x00007ffa910a4000 	C:\Windows\System32\GDI32.dll
0x00007ffa8e180000 - 0x00007ffa8e301000 	C:\Windows\System32\gdi32full.dll
0x00007ffa7f3f0000 - 0x00007ffa7f66a000 	C:\Windows\WinSxS\amd64_microsoft.windows.common-controls_6595b64144ccf1df_6.0.14393.2273_none_7de240fc83403786\COMCTL32.dll
0x00007ffa8eda0000 - 0x00007ffa8f068000 	C:\Windows\System32\combase.dll
0x00007ffa8dab0000 - 0x00007ffa8dba5000 	C:\Windows\System32\ucrtbase.dll
0x00007ffa8ddf0000 - 0x00007ffa8de5a000 	C:\Windows\System32\bcryptPrimitives.dll
0x00007ffa91240000 - 0x00007ffa9126e000 	C:\Windows\System32\IMM32.DLL
0x0000000062530000 - 0x0000000062602000 	E:\Program Files\Android\Android Studio\jre\jre\bin\msvcr100.dll
0x0000000061a30000 - 0x0000000062276000 	E:\Program Files\Android\Android Studio\jre\jre\bin\server\jvm.dll
0x00007ffa90d00000 - 0x00007ffa90d08000 	C:\Windows\System32\PSAPI.DLL
0x00007ffa8c070000 - 0x00007ffa8c079000 	C:\Windows\SYSTEM32\WSOCK32.dll
0x00007ffa8bfb0000 - 0x00007ffa8bfd3000 	C:\Windows\SYSTEM32\WINMM.dll
0x00007ffa88300000 - 0x00007ffa8830a000 	C:\Windows\SYSTEM32\VERSION.dll
0x00007ffa90e70000 - 0x00007ffa90eda000 	C:\Windows\System32\WS2_32.dll
0x00007ffa8bf20000 - 0x00007ffa8bf4b000 	C:\Windows\SYSTEM32\WINMMBASE.dll
0x00007ffa8ea50000 - 0x00007ffa8ea92000 	C:\Windows\System32\cfgmgr32.dll
0x00007ffa8c060000 - 0x00007ffa8c06f000 	E:\Program Files\Android\Android Studio\jre\jre\bin\verify.dll
0x00007ffa8c020000 - 0x00007ffa8c049000 	E:\Program Files\Android\Android Studio\jre\jre\bin\java.dll
0x00007ffa8b790000 - 0x00007ffa8b7a6000 	E:\Program Files\Android\Android Studio\jre\jre\bin\zip.dll
0x00007ffa8f7f0000 - 0x00007ffa90cf5000 	C:\Windows\System32\SHELL32.dll
0x00007ffa8e310000 - 0x00007ffa8e9e9000 	C:\Windows\System32\windows.storage.dll
0x00007ffa8da50000 - 0x00007ffa8da9c000 	C:\Windows\System32\powrprof.dll
0x00007ffa8f1e0000 - 0x00007ffa8f232000 	C:\Windows\System32\shlwapi.dll
0x00007ffa8da20000 - 0x00007ffa8da2f000 	C:\Windows\System32\kernel.appcore.dll
0x00007ffa8eaa0000 - 0x00007ffa8eb49000 	C:\Windows\System32\shcore.dll
0x00007ffa8da30000 - 0x00007ffa8da44000 	C:\Windows\System32\profapi.dll
0x00007ffa8af40000 - 0x00007ffa8af5a000 	E:\Program Files\Android\Android Studio\jre\jre\bin\net.dll
0x00007ffa84300000 - 0x00007ffa844c2000 	C:\Windows\SYSTEM32\urlmon.dll
0x00007ffa84020000 - 0x00007ffa842d0000 	C:\Windows\SYSTEM32\iertutil.dll
0x00007ffa8d2f0000 - 0x00007ffa8d34c000 	C:\Windows\system32\mswsock.dll
0x00007ffa8aea0000 - 0x00007ffa8aeb3000 	E:\Program Files\Android\Android Studio\jre\jre\bin\nio.dll

VM Arguments:
java_command: org.jetbrains.kotlin.cli.jvm.K2JVMCompiler -Xallow-no-source-files -classpath E:\Petra\HelloWorld2\app\build\intermediates\compile_and_runtime_not_namespaced_r_class_jar\debug\R.jar;C:\Users\Petra\.gradle\caches\transforms-2\files-2.1\eef201a677fd6ba02192cea5c38842d7\jetified-kotlin-android-extensions-runtime-1.3.71.jar;C:\Users\Petra\.gradle\caches\transforms-2\files-2.1\0793f1c0f5f8cd532cb1cf653f54ce4f\jetified-kotlin-stdlib-jdk7-1.3.71.jar;C:\Users\Petra\.gradle\caches\transforms-2\files-2.1\0c32b5507cb5115de5b9182cebf02b34\jetified-core-ktx-1.2.0-api.jar;C:\Users\Petra\.gradle\caches\transforms-2\files-2.1\e61b0e7605e7f86b392d0648b81e5ff1\navigation-fragment-ktx-2.0.0-api.jar;C:\Users\Petra\.gradle\caches\transforms-2\files-2.1\380c47dede0c13fd53276967166ea130\navigation-ui-ktx-2.0.0-api.jar;C:\Users\Petra\.gradle\caches\transforms-2\files-2.1\457f8043a037e18312ff11b992839b41\navigation-runtime-ktx-2.0.0-api.jar;C:\Users\Petra\.gradle\caches\transforms-2\files-2.1\2f011a84e6749fc0868f37749fb4fd45\navigation-common-ktx-2.0.0-api.jar;C:\Users\Petra\.gradle\caches\transforms-2\files-2.1\1164ff31d888ce64dd57d08a56aab25c\jetified-kotlin-stdlib-1.3.71.jar;C:\Users\Petra\.gradle\caches\transforms-2\files-2.1\ca5079d12d958b3eadcb7185e2f987fc\jetified-kotlin-stdlib-common-1.3.71.jar;C:\Users\Petra\.gradle\caches\transforms-2\files-2.1\06edc3c5bd8b05f002b44b8dc82c0f73\jetified-annotations-13.0.jar;C:\Users\Petra\.gradle\caches\transforms-2\files-2.1\e1aef8445cfa01fd04335cc64e2fa986\jetified-circleimageview-3.0.1-api.jar;C:\Users\Petra\.gradle\caches\transforms-2\files-2.1\3f1f18f8b9329bfb572d1b12ca8b5629\navigation-ui-2.0.0-api.jar;C:\Users\Petra\.gradle\caches\transforms-2\files-2.1\13d8b774f5c7f90250db053f2e5f03ff\material-1.0.0-api.jar;C:\Users\Petra\.gradle\caches\transforms-2\files-2.1\7338f30ea2a314fb191b90c22133d57f\appcompat-1.1.0-api.jar;C:\Users\Petra\.gradle\caches\transforms-2\files-2.1\21202ef3717d66b9890a721bc465922e\jetified-appcompat-resour
java_class_path (initial): C:\Users\Petra\.gradle\caches\modules-2\files-2.1\org.jetbrains.kotlin\kotlin-compiler-embeddable\1.3.71\df961ae412445788a38170e27f90bad4e0824153\kotlin-compiler-embeddable-1.3.71.jar;C:\Users\Petra\.gradle\caches\modules-2\files-2.1\org.jetbrains.kotlin\kotlin-reflect\1.3.71\fca74670d8e6906a3241b3cf3732409ca77b2508\kotlin-reflect-1.3.71.jar;C:\Users\Petra\.gradle\caches\modules-2\files-2.1\org.jetbrains.kotlin\kotlin-stdlib\1.3.71\898273189ad22779da6bed88ded39b14cb5fd432\kotlin-stdlib-1.3.71.jar;C:\Users\Petra\.gradle\caches\modules-2\files-2.1\org.jetbrains.kotlin\kotlin-script-runtime\1.3.71\7f5522e7a9d1736fabfdb4335630f64504ce8f20\kotlin-script-runtime-1.3.71.jar;C:\Users\Petra\.gradle\caches\modules-2\files-2.1\org.jetbrains.kotlin\kotlin-daemon-embeddable\1.3.71\9729c4da2369c4cb84514297f6c652e05dc49d6b\kotlin-daemon-embeddable-1.3.71.jar;C:\Users\Petra\.gradle\caches\modules-2\files-2.1\org.jetbrains.intellij.deps\trove4j\1.0.20181211\216c2e14b070f334479d800987affe4054cd563f\trove4j-1.0.20181211.jar;C:\Users\Petra\.gradle\caches\modules-2\files-2.1\org.jetbrains.kotlin\kotlin-stdlib-common\1.3.71\e71c3fef58e26affeb03d675e91fd8abdd44aa7b\kotlin-stdlib-common-1.3.71.jar;C:\Users\Petra\.gradle\caches\modules-2\files-2.1\org.jetbrains\annotations\13.0\919f0dfe192fb4e063e7dacadee7f8bb9a2672a9\annotations-13.0.jar;E:\Program Files\Android\Android Studio\jre\lib\tools.jar
Launcher Type: SUN_STANDARD

Environment Variables:
PATH=C:\Python27\;C:\Python27\Scripts;C:\Windows\system32;C:\Windows;C:\Windows\System32\Wbem;C:\Windows\System32\WindowsPowerShell\v1.0\;E:\Program Files\PuTTY\;E:\Brackets\command;E:\Program Files\nodejs\;C:\ProgramData\chocolatey\bin;E:\Program Files\Git\cmd;E:\Program Files\dotnet\;C:\Users\Petra\AppData\Local\Microsoft\WindowsApps;;C:\Users\Petra\AppData\Roaming\npm
USERNAME=Petra
OS=Windows_NT
PROCESSOR_IDENTIFIER=Intel64 Family 6 Model 78 Stepping 3, GenuineIntel



---------------  S Y S T E M  ---------------

OS: Windows 10.0 , 64 bit Build 14393 (10.0.14393.2214)

CPU:total 4 (initial active 4) (2 cores per cpu, 2 threads per core) family 6 model 78 stepping 3, cmov, cx8, fxsr, mmx, sse, sse2, sse3, ssse3, sse4.1, sse4.2, popcnt, avx, avx2, aes, clmul, erms, 3dnowpref, lzcnt, ht, tsc, tscinvbit, bmi1, bmi2, adx

Memory: 4k page, physical 4067556k(290940k free), swap 8246264k(6204k free)

vm_info: OpenJDK 64-Bit Server VM (25.212-b04) for windows-amd64 JRE (1.8.0_212-release-1586-b04), built by "builder" with MS VC++ 10.0 (VS2010)

time: Thu Jun 04 18:29:09 2020
timezone: Central European Standard Time
elapsed time: 30 seconds (0d 0h 0m 30s)

